Checking arguments values
Check input data files
Parse data files
Merge data
Cleaning data
	Discarding lines containing NA values
		0 reads discarded
	Filtering out zero length reads
		0 reads discarded
	Sorting run IDs by decreasing throughput
		Run-id order ['cf0511b0eeecb2796ece6e8da14eed56efd05aaf']
	Reordering runids
		Processing reads with Run_ID cf0511b0eeecb2796ece6e8da14eed56efd05aaf / time offset: 0
	Cleaning up low frequency barcodes
		0 reads with low frequency barcode unset
	Cast value to appropriate type
	Reindexing dataframe by read_ids
		7,818,803 Final valid reads
Loading plotting interface
	Found 7,818,803 total reads
	Found 7,816,656 pass reads (qual >= 7.0 and length >= 0)
Generating JSON report
	Running summary_stats_dict method
	Compute overall summary statistics
	Writing to JSON file
