Checking arguments values
Check input data files
Parse data files
Merge data
Cleaning data
	Discarding lines containing NA values
		0 reads discarded
	Filtering out zero length reads
		0 reads discarded
	Sorting run IDs by decreasing throughput
		Run-id order ['a4c047b7e1d4945bb607dd5703c9567ed7ec9706']
	Reordering runids
		Processing reads with Run_ID a4c047b7e1d4945bb607dd5703c9567ed7ec9706 / time offset: 0
	Cleaning up low frequency barcodes
		0 reads with low frequency barcode unset
	Cast value to appropriate type
	Reindexing dataframe by read_ids
		2,976,227 Final valid reads
Loading plotting interface
	Found 2,976,227 total reads
	Found 2,974,724 pass reads (qual >= 7.0 and length >= 0)
Generating JSON report
	Running summary_stats_dict method
	Compute overall summary statistics
	Writing to JSON file
