Checking arguments values
Check input data files
Parse data files
Merge data
Cleaning data
	Discarding lines containing NA values
		0 reads discarded
	Filtering out zero length reads
		0 reads discarded
	Sorting run IDs by decreasing throughput
		Run-id order ['0a0bbfb96964e31fd86982e2acd2569cc3373839']
	Reordering runids
		Processing reads with Run_ID 0a0bbfb96964e31fd86982e2acd2569cc3373839 / time offset: 0
	Cleaning up low frequency barcodes
		0 reads with low frequency barcode unset
	Cast value to appropriate type
	Reindexing dataframe by read_ids
		7,279,403 Final valid reads
Loading plotting interface
	Found 7,279,403 total reads
	Found 7,276,791 pass reads (qual >= 7.0 and length >= 0)
Generating JSON report
	Running summary_stats_dict method
	Compute overall summary statistics
	Writing to JSON file
