Checking arguments values
Check input data files
Parse data files
Merge data
Cleaning data
	Discarding lines containing NA values
		0 reads discarded
	Filtering out zero length reads
		0 reads discarded
	Sorting run IDs by decreasing throughput
		Run-id order ['32e53162f489fd3064d9df89dfa07279ffd13d76']
	Reordering runids
		Processing reads with Run_ID 32e53162f489fd3064d9df89dfa07279ffd13d76 / time offset: 0
	Cleaning up low frequency barcodes
		0 reads with low frequency barcode unset
	Cast value to appropriate type
	Reindexing dataframe by read_ids
		6,571,925 Final valid reads
Loading plotting interface
	Found 6,571,925 total reads
	Found 6,566,452 pass reads (qual >= 7.0 and length >= 0)
Generating JSON report
	Running summary_stats_dict method
	Compute overall summary statistics
	Writing to JSON file
