Checking arguments values
Check input data files
Parse data files
Merge data
Cleaning data
	Discarding lines containing NA values
		0 reads discarded
	Filtering out zero length reads
		0 reads discarded
	Sorting run IDs by decreasing throughput
		Run-id order ['6b2e807dcffaa2188c7638060d3c2c45fe8bc279']
	Reordering runids
		Processing reads with Run_ID 6b2e807dcffaa2188c7638060d3c2c45fe8bc279 / time offset: 0
	Cleaning up low frequency barcodes
		0 reads with low frequency barcode unset
	Cast value to appropriate type
	Reindexing dataframe by read_ids
		5,345,445 Final valid reads
Loading plotting interface
	Found 5,345,445 total reads
	Found 5,342,730 pass reads (qual >= 7.0 and length >= 0)
Generating JSON report
	Running summary_stats_dict method
	Compute overall summary statistics
	Writing to JSON file
