Checking arguments values
Check input data files
Parse data files
Merge data
Cleaning data
	Discarding lines containing NA values
		0 reads discarded
	Filtering out zero length reads
		0 reads discarded
	Sorting run IDs by decreasing throughput
		Run-id order ['5e4294445c7dd35299d9c7810781b251152802c7']
	Reordering runids
		Processing reads with Run_ID 5e4294445c7dd35299d9c7810781b251152802c7 / time offset: 0
	Cleaning up low frequency barcodes
		0 reads with low frequency barcode unset
	Cast value to appropriate type
	Reindexing dataframe by read_ids
		9,549,985 Final valid reads
Loading plotting interface
	Found 9,549,985 total reads
	Found 9,546,154 pass reads (qual >= 7.0 and length >= 0)
Generating JSON report
	Running summary_stats_dict method
	Compute overall summary statistics
	Writing to JSON file
