Checking arguments values
Check input data files
Parse data files
Merge data
Cleaning data
	Discarding lines containing NA values
		0 reads discarded
	Filtering out zero length reads
		0 reads discarded
	Sorting run IDs by decreasing throughput
		Run-id order ['d8a24be1df85a3428255ec6c9ea9bd4875389710']
	Reordering runids
		Processing reads with Run_ID d8a24be1df85a3428255ec6c9ea9bd4875389710 / time offset: 0
	Cleaning up low frequency barcodes
		0 reads with low frequency barcode unset
	Cast value to appropriate type
	Reindexing dataframe by read_ids
		6,648,219 Final valid reads
Loading plotting interface
	Found 6,648,219 total reads
	Found 6,646,008 pass reads (qual >= 7.0 and length >= 0)
Generating JSON report
	Running summary_stats_dict method
	Compute overall summary statistics
	Writing to JSON file
