Checking arguments values
Check input data files
Parse data files
Merge data
Cleaning data
	Discarding lines containing NA values
		0 reads discarded
	Filtering out zero length reads
		0 reads discarded
	Sorting run IDs by decreasing throughput
		Run-id order ['6ae7158b704cd05096f66f48c5ed5041d20c80f0']
	Reordering runids
		Processing reads with Run_ID 6ae7158b704cd05096f66f48c5ed5041d20c80f0 / time offset: 0
	Cleaning up low frequency barcodes
		0 reads with low frequency barcode unset
	Cast value to appropriate type
	Reindexing dataframe by read_ids
		8,389,680 Final valid reads
Loading plotting interface
	Found 8,389,680 total reads
	Found 8,378,371 pass reads (qual >= 7.0 and length >= 0)
Generating JSON report
	Running summary_stats_dict method
	Compute overall summary statistics
	Writing to JSON file
