Checking arguments values
Check input data files
Parse data files
Merge data
Cleaning data
	Discarding lines containing NA values
		0 reads discarded
	Filtering out zero length reads
		0 reads discarded
	Sorting run IDs by decreasing throughput
		Run-id order ['393353bd95a72cf75a18470cd6e6955b62078efd', 'c5f0ad6974182f70dc468ed59b8e735d9f8eda31']
	Reordering runids
		Processing reads with Run_ID 393353bd95a72cf75a18470cd6e6955b62078efd / time offset: 0
		Processing reads with Run_ID c5f0ad6974182f70dc468ed59b8e735d9f8eda31 / time offset: 58663.0
	Cleaning up low frequency barcodes
		0 reads with low frequency barcode unset
	Cast value to appropriate type
	Reindexing dataframe by read_ids
		1,640,679 Final valid reads
Loading plotting interface
	Found 1,640,679 total reads
	Found 1,640,106 pass reads (qual >= 7.0 and length >= 0)
Generating JSON report
	Running summary_stats_dict method
	Compute overall summary statistics
	Writing to JSON file
