Checking arguments values
Check input data files
Parse data files
Merge data
Cleaning data
	Discarding lines containing NA values
		0 reads discarded
	Filtering out zero length reads
		0 reads discarded
	Sorting run IDs by decreasing throughput
		Run-id order ['19e5dae010e6b1ebb4c895b4afb159b0343348ec']
	Reordering runids
		Processing reads with Run_ID 19e5dae010e6b1ebb4c895b4afb159b0343348ec / time offset: 0
	Cleaning up low frequency barcodes
		0 reads with low frequency barcode unset
	Cast value to appropriate type
	Reindexing dataframe by read_ids
		4,532,003 Final valid reads
Loading plotting interface
	Found 4,532,003 total reads
	Found 4,529,043 pass reads (qual >= 7.0 and length >= 0)
Generating JSON report
	Running summary_stats_dict method
	Compute overall summary statistics
	Writing to JSON file
